<?xml version="1.0" encoding="UTF-8"?>
<!-- Generated by org.testng.reporters.JUnitXMLReporter -->
<testsuite hostname="chaitra" ignored="0" name="Test" tests="2" failures="1" timestamp="03 Dec 2018 13:30:15 GMT" time="183.836" errors="0">
  <testcase name="testverifyversion" time="21.755" classname="com.actitime.test.verifyversionTest">
    <failure type="java.lang.AssertionError" message="null">
      <![CDATA[java.lang.AssertionError: null
at com.actitime.generic.BasePage.verifyelement(BasePage.java:43)
at com.actitime.pages.Loginpage.verifytheversion(Loginpage.java:45)
at com.actitime.test.verifyversionTest.testverifyversion(verifyversionTest.java:18)
... Removed 27 stack frames]]>
    </failure>
  </testcase> <!-- testverifyversion -->
  <testcase name="testvalidloginlogout" time="80.057" classname="com.actitime.test.validloginlogouttest"/>
</testsuite> <!-- Test -->
