<?xml version="1.0" encoding="UTF-8"?>
<testng-results skipped="0" failed="1" ignored="0" total="2" passed="1">
  <reporter-output>
    <line>
      <![CDATA[title is matching]]>
    </line>
    <line>
      <![CDATA[element is not present]]>
    </line>
    <line>
      <![CDATA[title is matching]]>
    </line>
    <line>
      <![CDATA[title is matching]]>
    </line>
  </reporter-output>
  <suite name="Suite" duration-ms="183836" started-at="2018-12-03T13:27:11Z" finished-at="2018-12-03T13:30:15Z">
    <groups>
    </groups>
    <test name="Test" duration-ms="183836" started-at="2018-12-03T13:27:11Z" finished-at="2018-12-03T13:30:15Z">
      <class name="com.actitime.test.verifyversionTest">
        <test-method status="PASS" signature="precondition()[pri:0, instance:com.actitime.test.verifyversionTest@6767c1fc]" name="precondition" is-config="true" duration-ms="51836" started-at="2018-12-03T13:27:12Z" finished-at="2018-12-03T13:28:03Z">
          <reporter-output>
          </reporter-output>
        </test-method> <!-- precondition -->
        <test-method status="FAIL" signature="testverifyversion()[pri:0, instance:com.actitime.test.verifyversionTest@6767c1fc]" name="testverifyversion" duration-ms="21755" started-at="2018-12-03T13:28:03Z" finished-at="2018-12-03T13:28:25Z">
          <exception class="java.lang.AssertionError">
            <message>
              <![CDATA[null]]>
            </message>
            <full-stacktrace>
              <![CDATA[java.lang.AssertionError: null
at org.testng.Assert.fail(Assert.java:96)
at org.testng.Assert.fail(Assert.java:103)
at com.actitime.generic.BasePage.verifyelement(BasePage.java:43)
at com.actitime.pages.Loginpage.verifytheversion(Loginpage.java:45)
at com.actitime.test.verifyversionTest.testverifyversion(verifyversionTest.java:18)
at sun.reflect.NativeMethodAccessorImpl.invoke0(Native Method)
at sun.reflect.NativeMethodAccessorImpl.invoke(Unknown Source)
at sun.reflect.DelegatingMethodAccessorImpl.invoke(Unknown Source)
at java.lang.reflect.Method.invoke(Unknown Source)
at org.testng.internal.MethodInvocationHelper.invokeMethod(MethodInvocationHelper.java:124)
at org.testng.internal.Invoker.invokeMethod(Invoker.java:580)
at org.testng.internal.Invoker.invokeTestMethod(Invoker.java:716)
at org.testng.internal.Invoker.invokeTestMethods(Invoker.java:988)
at org.testng.internal.TestMethodWorker.invokeTestMethods(TestMethodWorker.java:125)
at org.testng.internal.TestMethodWorker.run(TestMethodWorker.java:109)
at org.testng.TestRunner.privateRun(TestRunner.java:648)
at org.testng.TestRunner.run(TestRunner.java:505)
at org.testng.SuiteRunner.runTest(SuiteRunner.java:455)
at org.testng.SuiteRunner.runSequentially(SuiteRunner.java:450)
at org.testng.SuiteRunner.privateRun(SuiteRunner.java:415)
at org.testng.SuiteRunner.run(SuiteRunner.java:364)
at org.testng.SuiteRunnerWorker.runSuite(SuiteRunnerWorker.java:52)
at org.testng.SuiteRunnerWorker.run(SuiteRunnerWorker.java:84)
at org.testng.TestNG.runSuitesSequentially(TestNG.java:1208)
at org.testng.TestNG.runSuitesLocally(TestNG.java:1137)
at org.testng.TestNG.runSuites(TestNG.java:1049)
at org.testng.TestNG.run(TestNG.java:1017)
at org.testng.remote.AbstractRemoteTestNG.run(AbstractRemoteTestNG.java:114)
at org.testng.remote.RemoteTestNG.initAndRun(RemoteTestNG.java:251)
at org.testng.remote.RemoteTestNG.main(RemoteTestNG.java:77)
]]>
            </full-stacktrace>
          </exception> <!-- java.lang.AssertionError -->
          <reporter-output>
            <line>
              <![CDATA[title is matching]]>
            </line>
            <line>
              <![CDATA[element is not present]]>
            </line>
          </reporter-output>
        </test-method> <!-- testverifyversion -->
        <test-method status="PASS" signature="postcondition()[pri:0, instance:com.actitime.test.verifyversionTest@6767c1fc]" name="postcondition" is-config="true" duration-ms="2114" started-at="2018-12-03T13:28:25Z" finished-at="2018-12-03T13:28:27Z">
          <reporter-output>
          </reporter-output>
        </test-method> <!-- postcondition -->
      </class> <!-- com.actitime.test.verifyversionTest -->
      <class name="com.actitime.test.validloginlogouttest">
        <test-method status="PASS" signature="precondition()[pri:0, instance:com.actitime.test.validloginlogouttest@29ee9faa]" name="precondition" is-config="true" duration-ms="25881" started-at="2018-12-03T13:28:27Z" finished-at="2018-12-03T13:28:53Z">
          <reporter-output>
          </reporter-output>
        </test-method> <!-- precondition -->
        <test-method status="PASS" signature="testvalidloginlogout()[pri:0, instance:com.actitime.test.validloginlogouttest@29ee9faa]" name="testvalidloginlogout" duration-ms="80057" started-at="2018-12-03T13:28:53Z" finished-at="2018-12-03T13:30:13Z">
          <reporter-output>
            <line>
              <![CDATA[title is matching]]>
            </line>
            <line>
              <![CDATA[title is matching]]>
            </line>
          </reporter-output>
        </test-method> <!-- testvalidloginlogout -->
        <test-method status="PASS" signature="postcondition()[pri:0, instance:com.actitime.test.validloginlogouttest@29ee9faa]" name="postcondition" is-config="true" duration-ms="2120" started-at="2018-12-03T13:30:13Z" finished-at="2018-12-03T13:30:15Z">
          <reporter-output>
          </reporter-output>
        </test-method> <!-- postcondition -->
      </class> <!-- com.actitime.test.validloginlogouttest -->
    </test> <!-- Test -->
  </suite> <!-- Suite -->
</testng-results>
